MyApplication/app/build/intermediates/manifest_merge_blame_file/debug/manifest-merger-blame-debug-report.txt
1<?xml version="1.0" encoding="utf-8"?>
2<manifest xmlns:android="http://schemas.android.com/apk/res/android"
3    package="com.example.myapplication"
4    android:versionCode="1"
5    android:versionName="1.0" >
6
7    <uses-sdk
8        android:minSdkVersion="23"
8-->src\main\AndroidManifest.xml
9        android:targetSdkVersion="30" />
9-->src\main\AndroidManifest.xml
10
11    <uses-permission android:name="android.permission.ACCESS_NETWORK_STATE" />
11-->src\main\AndroidManifest.xml:5:5-79
11-->src\main\AndroidManifest.xml:5:22-76
12    <uses-permission android:name="android.permission.READ_EXTERNAL_STORAGE" />
12-->src\main\AndroidManifest.xml:6:5-80
12-->src\main\AndroidManifest.xml:6:22-77
13    <uses-permission android:name="android.permission.WRITE_EXTERNAL_STORAGE" />
13-->src\main\AndroidManifest.xml:7:5-81
13-->src\main\AndroidManifest.xml:7:22-78
14    <uses-permission android:name="android.permission.CAMERA" />
14-->src\main\AndroidManifest.xml:8:5-65
14-->src\main\AndroidManifest.xml:8:22-62
15    <uses-permission android:name="android.permission.INTERNET" />
15-->src\main\AndroidManifest.xml:9:5-67
15-->src\main\AndroidManifest.xml:9:22-64
16    <uses-permission android:name="android.permission.ACCESS_WIFI_STATE" />
16-->src\main\AndroidManifest.xml:10:5-76
16-->src\main\AndroidManifest.xml:10:22-73
17
18    <application
18-->src\main\AndroidManifest.xml:12:5-32:19
19        android:allowBackup="true"
19-->src\main\AndroidManifest.xml:13:9-35
20        android:appComponentFactory="androidx.core.app.CoreComponentFactory"
20-->[androidx.core:core:1.3.1] AndroidManifest.xml:24:18-86
21        android:debuggable="true"
22        android:extractNativeLibs="false"
23        android:icon="@mipmap/ic_launcher"
23-->src\main\AndroidManifest.xml:14:9-43
24        android:label="@string/app_name"
24-->src\main\AndroidManifest.xml:15:9-41
25        android:roundIcon="@mipmap/ic_launcher_round"
25-->src\main\AndroidManifest.xml:16:9-54
26        android:supportsRtl="true"
26-->src\main\AndroidManifest.xml:17:9-35
27        android:testOnly="true"
28        android:theme="@style/Theme.MyApplication" >
28-->src\main\AndroidManifest.xml:18:9-51
29        <activity android:name="com.example.myapplication.NoInternetActivity" />
29-->src\main\AndroidManifest.xml:19:9-65
29-->src\main\AndroidManifest.xml:19:19-53
30        <activity android:name="com.example.myapplication.EditActivity" />
30-->src\main\AndroidManifest.xml:20:9-50
30-->src\main\AndroidManifest.xml:20:19-47
31        <activity android:name="com.example.myapplication.HomeActivity" />
31-->src\main\AndroidManifest.xml:21:9-50
31-->src\main\AndroidManifest.xml:21:19-47
32        <activity android:name="com.example.myapplication.MainActivity" >
32-->src\main\AndroidManifest.xml:22:9-28:20
32-->src\main\AndroidManifest.xml:22:19-47
33            <intent-filter>
33-->src\main\AndroidManifest.xml:23:13-27:29
34                <action android:name="android.intent.action.MAIN" />
34-->src\main\AndroidManifest.xml:24:17-69
34-->src\main\AndroidManifest.xml:24:25-66
35
36                <category android:name="android.intent.category.LAUNCHER" />
36-->src\main\AndroidManifest.xml:26:17-77
36-->src\main\AndroidManifest.xml:26:27-74
37            </intent-filter>
38        </activity>
39        <activity
39-->src\main\AndroidManifest.xml:29:9-31:77
40            android:name="com.theartofdev.edmodo.cropper.CropImageActivity"
40-->src\main\AndroidManifest.xml:30:13-76
41            android:theme="@style/Theme.AppCompat.DayNight.DarkActionBar" />
41-->src\main\AndroidManifest.xml:31:13-74
42        <activity
42-->[com.google.firebase:firebase-auth:20.0.3] AndroidManifest.xml:27:9-44:20
43            android:name="com.google.firebase.auth.internal.GenericIdpActivity"
43-->[com.google.firebase:firebase-auth:20.0.3] AndroidManifest.xml:28:13-80
44            android:excludeFromRecents="true"
44-->[com.google.firebase:firebase-auth:20.0.3] AndroidManifest.xml:29:13-46
45            android:exported="true"
45-->[com.google.firebase:firebase-auth:20.0.3] AndroidManifest.xml:30:13-36
46            android:launchMode="singleTask"
46-->[com.google.firebase:firebase-auth:20.0.3] AndroidManifest.xml:31:13-44
47            android:theme="@android:style/Theme.Translucent.NoTitleBar" >
47-->[com.google.firebase:firebase-auth:20.0.3] AndroidManifest.xml:32:13-72
48            <intent-filter>
48-->[com.google.firebase:firebase-auth:20.0.3] AndroidManifest.xml:33:13-43:29
49                <action android:name="android.intent.action.VIEW" />
49-->[com.google.firebase:firebase-auth:20.0.3] AndroidManifest.xml:34:17-69
49-->[com.google.firebase:firebase-auth:20.0.3] AndroidManifest.xml:34:25-66
50
51                <category android:name="android.intent.category.DEFAULT" />
51-->[com.google.firebase:firebase-auth:20.0.3] AndroidManifest.xml:36:17-76
51-->[com.google.firebase:firebase-auth:20.0.3] AndroidManifest.xml:36:27-73
52                <category android:name="android.intent.category.BROWSABLE" />
52-->[com.google.firebase:firebase-auth:20.0.3] AndroidManifest.xml:37:17-78
52-->[com.google.firebase:firebase-auth:20.0.3] AndroidManifest.xml:37:27-75
53
54                <data
54-->[com.google.firebase:firebase-auth:20.0.3] AndroidManifest.xml:39:17-42:51
55                    android:host="firebase.auth"
55-->[com.google.firebase:firebase-auth:20.0.3] AndroidManifest.xml:40:21-49
56                    android:path="/"
56-->[com.google.firebase:firebase-auth:20.0.3] AndroidManifest.xml:41:21-37
57                    android:scheme="genericidp" />
57-->[com.google.firebase:firebase-auth:20.0.3] AndroidManifest.xml:42:21-48
58            </intent-filter>
59        </activity>
60        <activity
60-->[com.google.firebase:firebase-auth:20.0.3] AndroidManifest.xml:45:9-62:20
61            android:name="com.google.firebase.auth.internal.RecaptchaActivity"
61-->[com.google.firebase:firebase-auth:20.0.3] AndroidManifest.xml:46:13-79
62            android:excludeFromRecents="true"
62-->[com.google.firebase:firebase-auth:20.0.3] AndroidManifest.xml:47:13-46
63            android:exported="true"
63-->[com.google.firebase:firebase-auth:20.0.3] AndroidManifest.xml:48:13-36
64            android:launchMode="singleTask"
64-->[com.google.firebase:firebase-auth:20.0.3] AndroidManifest.xml:49:13-44
65            android:theme="@android:style/Theme.Translucent.NoTitleBar" >
65-->[com.google.firebase:firebase-auth:20.0.3] AndroidManifest.xml:50:13-72
66            <intent-filter>
66-->[com.google.firebase:firebase-auth:20.0.3] AndroidManifest.xml:51:13-61:29
67                <action android:name="android.intent.action.VIEW" />
67-->[com.google.firebase:firebase-auth:20.0.3] AndroidManifest.xml:34:17-69
67-->[com.google.firebase:firebase-auth:20.0.3] AndroidManifest.xml:34:25-66
68
69                <category android:name="android.intent.category.DEFAULT" />
69-->[com.google.firebase:firebase-auth:20.0.3] AndroidManifest.xml:36:17-76
69-->[com.google.firebase:firebase-auth:20.0.3] AndroidManifest.xml:36:27-73
70                <category android:name="android.intent.category.BROWSABLE" />
70-->[com.google.firebase:firebase-auth:20.0.3] AndroidManifest.xml:37:17-78
70-->[com.google.firebase:firebase-auth:20.0.3] AndroidManifest.xml:37:27-75
71
72                <data
72-->[com.google.firebase:firebase-auth:20.0.3] AndroidManifest.xml:39:17-42:51
73                    android:host="firebase.auth"
73-->[com.google.firebase:firebase-auth:20.0.3] AndroidManifest.xml:40:21-49
74                    android:path="/"
74-->[com.google.firebase:firebase-auth:20.0.3] AndroidManifest.xml:41:21-37
75                    android:scheme="recaptcha" />
75-->[com.google.firebase:firebase-auth:20.0.3] AndroidManifest.xml:42:21-48
76            </intent-filter>
77        </activity>
78
79        <service
79-->[com.google.firebase:firebase-auth:20.0.3] AndroidManifest.xml:64:9-73:19
80            android:name="com.google.firebase.auth.api.fallback.service.FirebaseAuthFallbackService"
80-->[com.google.firebase:firebase-auth:20.0.3] AndroidManifest.xml:65:13-101
81            android:enabled="true"
81-->[com.google.firebase:firebase-auth:20.0.3] AndroidManifest.xml:66:13-35
82            android:exported="false" >
82-->[com.google.firebase:firebase-auth:20.0.3] AndroidManifest.xml:67:13-37
83            <intent-filter>
83-->[com.google.firebase:firebase-auth:20.0.3] AndroidManifest.xml:68:13-72:29
84                <action android:name="com.google.firebase.auth.api.gms.service.START" />
84-->[com.google.firebase:firebase-auth:20.0.3] AndroidManifest.xml:69:17-89
84-->[com.google.firebase:firebase-auth:20.0.3] AndroidManifest.xml:69:25-86
85
86                <category android:name="android.intent.category.DEFAULT" />
86-->[com.google.firebase:firebase-auth:20.0.3] AndroidManifest.xml:36:17-76
86-->[com.google.firebase:firebase-auth:20.0.3] AndroidManifest.xml:36:27-73
87            </intent-filter>
88        </service>
89        <service
89-->[com.google.firebase:firebase-auth:20.0.3] AndroidManifest.xml:74:9-80:19
90            android:name="com.google.firebase.components.ComponentDiscoveryService"
90-->[com.google.firebase:firebase-auth:20.0.3] AndroidManifest.xml:75:13-84
91            android:directBootAware="true"
91-->[com.google.firebase:firebase-common:19.5.0] AndroidManifest.xml:35:13-43
92            android:exported="false" >
92-->[com.google.firebase:firebase-auth:20.0.3] AndroidManifest.xml:76:13-37
93            <meta-data
93-->[com.google.firebase:firebase-auth:20.0.3] AndroidManifest.xml:77:13-79:85
94                android:name="com.google.firebase.components:com.google.firebase.auth.FirebaseAuthRegistrar"
94-->[com.google.firebase:firebase-auth:20.0.3] AndroidManifest.xml:78:17-109
95                android:value="com.google.firebase.components.ComponentRegistrar" />
95-->[com.google.firebase:firebase-auth:20.0.3] AndroidManifest.xml:79:17-82
96            <meta-data
96-->[com.google.firebase:firebase-database:19.6.0] AndroidManifest.xml:32:13-34:85
97                android:name="com.google.firebase.components:com.google.firebase.database.DatabaseRegistrar"
97-->[com.google.firebase:firebase-database:19.6.0] AndroidManifest.xml:33:17-109
98                android:value="com.google.firebase.components.ComponentRegistrar" />
98-->[com.google.firebase:firebase-database:19.6.0] AndroidManifest.xml:34:17-82
99            <!--
100                This registrar is not defined in the dynamic-module-support sdk itself to allow non-firebase
101                clients to use it as well, by defining this registrar in their own core/common library.
102            -->
103            <meta-data
103-->[com.google.firebase:firebase-common:19.5.0] AndroidManifest.xml:43:13-45:85
104                android:name="com.google.firebase.components:com.google.firebase.dynamicloading.DynamicLoadingRegistrar"
104-->[com.google.firebase:firebase-common:19.5.0] AndroidManifest.xml:44:17-121
105                android:value="com.google.firebase.components.ComponentRegistrar" />
105-->[com.google.firebase:firebase-common:19.5.0] AndroidManifest.xml:45:17-82
106        </service>
107
108        <activity
108-->[com.google.android.gms:play-services-base:17.4.0] AndroidManifest.xml:23:9-26:75
109            android:name="com.google.android.gms.common.api.GoogleApiActivity"
109-->[com.google.android.gms:play-services-base:17.4.0] AndroidManifest.xml:24:13-79
110            android:exported="false"
110-->[com.google.android.gms:play-services-base:17.4.0] AndroidManifest.xml:25:13-37
111            android:theme="@android:style/Theme.Translucent.NoTitleBar" />
111-->[com.google.android.gms:play-services-base:17.4.0] AndroidManifest.xml:26:13-72
112
113        <provider
113-->[com.google.firebase:firebase-common:19.5.0] AndroidManifest.xml:26:9-31:39
114            android:name="com.google.firebase.provider.FirebaseInitProvider"
114-->[com.google.firebase:firebase-common:19.5.0] AndroidManifest.xml:27:13-77
115            android:authorities="com.example.myapplication.firebaseinitprovider"
115-->[com.google.firebase:firebase-common:19.5.0] AndroidManifest.xml:28:13-72
116            android:directBootAware="true"
116-->[com.google.firebase:firebase-common:19.5.0] AndroidManifest.xml:29:13-43
117            android:exported="false"
117-->[com.google.firebase:firebase-common:19.5.0] AndroidManifest.xml:30:13-37
118            android:initOrder="100" />
118-->[com.google.firebase:firebase-common:19.5.0] AndroidManifest.xml:31:13-36
119
120        <meta-data
120-->[com.google.android.gms:play-services-basement:17.4.0] AndroidManifest.xml:23:9-25:69
121            android:name="com.google.android.gms.version"
121-->[com.google.android.gms:play-services-basement:17.4.0] AndroidManifest.xml:24:13-58
122            android:value="@integer/google_play_services_version" />
122-->[com.google.android.gms:play-services-basement:17.4.0] AndroidManifest.xml:25:13-66
123    </application>
124
125</manifest>